[    62.522] (--) Log file renamed from "/home/murodjon/.local/share/xorg/Xorg.pid-1365.log" to "/home/murodjon/.local/share/xorg/Xorg.0.log"
[    62.523] 
X.Org X Server 1.20.9
X Protocol Version 11, Revision 0
[    62.523] Build Operating System: Linux 4.15.0-130-generic x86_64 Ubuntu
[    62.523] Current Operating System: Linux murodjon-VirtualBox 5.11.0-27-generic #29~20.04.1-Ubuntu SMP Wed Aug 11 15:58:17 UTC 2021 x86_64
[    62.523] Kernel command line: BOOT_IMAGE=/boot/vmlinuz-5.11.0-27-generic root=UUID=860d5db1-932a-4679-952a-e8912e3239ac ro quiet splash
[    62.523] Build Date: 17 January 2021  09:13:31AM
[    62.523] xorg-server 2:1.20.9-2ubuntu1.2~20.04.1 (For technical support please see http://www.ubuntu.com/support) 
[    62.523] Current version of pixman: 0.38.4
[    62.523] 	Before reporting problems, check http://wiki.x.org
	to make sure that you have the latest version.
[    62.523] Markers: (--) probed, (**) from config file, (==) default setting,
	(++) from command line, (!!) notice, (II) informational,
	(WW) warning, (EE) error, (NI) not implemented, (??) unknown.
[    62.523] (==) Log file: "/home/murodjon/.local/share/xorg/Xorg.0.log", Time: Sun Aug 22 16:55:15 2021
[    62.525] (==) Using system config directory "/usr/share/X11/xorg.conf.d"
[    62.527] (==) No Layout section.  Using the first Screen section.
[    62.527] (==) No screen section available. Using defaults.
[    62.527] (**) |-->Screen "Default Screen Section" (0)
[    62.527] (**) |   |-->Monitor "<default monitor>"
[    62.529] (==) No monitor specified for screen "Default Screen Section".
	Using a default monitor configuration.
[    62.529] (==) Automatically adding devices
[    62.529] (==) Automatically enabling devices
[    62.529] (==) Automatically adding GPU devices
[    62.529] (==) Automatically binding GPU devices
[    62.529] (==) Max clients allowed: 256, resource mask: 0x1fffff
[    62.529] (WW) The directory "/usr/share/fonts/X11/cyrillic" does not exist.
[    62.529] 	Entry deleted from font path.
[    62.529] (WW) The directory "/usr/share/fonts/X11/100dpi/" does not exist.
[    62.529] 	Entry deleted from font path.
[    62.529] (WW) The directory "/usr/share/fonts/X11/75dpi/" does not exist.
[    62.529] 	Entry deleted from font path.
[    62.529] (WW) The directory "/usr/share/fonts/X11/100dpi" does not exist.
[    62.529] 	Entry deleted from font path.
[    62.529] (WW) The directory "/usr/share/fonts/X11/75dpi" does not exist.
[    62.529] 	Entry deleted from font path.
[    62.529] (==) FontPath set to:
	/usr/share/fonts/X11/misc,
	/usr/share/fonts/X11/Type1,
	built-ins
[    62.529] (==) ModulePath set to "/usr/lib/xorg/modules"
[    62.532] (II) The server relies on udev to provide the list of input devices.
	If no devices become available, reconfigure udev or disable AutoAddDevices.
[    62.532] (II) Loader magic: 0x560cafa22020
[    62.532] (II) Module ABI versions:
[    62.532] 	X.Org ANSI C Emulation: 0.4
[    62.532] 	X.Org Video Driver: 24.1
[    62.532] 	X.Org XInput driver : 24.1
[    62.532] 	X.Org Server Extension : 10.0
[    62.536] (++) using VT number 2

[    62.546] (II) systemd-logind: took control of session /org/freedesktop/login1/session/_32
[    62.547] (II) xfree86: Adding drm device (/dev/dri/card0)
[    62.548] (II) systemd-logind: got fd for /dev/dri/card0 226:0 fd 12 paused 0
[    62.552] (--) PCI:*(0@0:2:0) 15ad:0405:15ad:0405 rev 0, Mem @ 0xe0000000/16777216, 0xf0000000/2097152, I/O @ 0x0000d010/16, BIOS @ 0x????????/131072
[    62.552] (II) LoadModule: "glx"
[    62.554] (II) Loading /usr/lib/xorg/modules/extensions/libglx.so
[    62.557] (II) Module glx: vendor="X.Org Foundation"
[    62.558] 	compiled for 1.20.9, module version = 1.0.0
[    62.558] 	ABI class: X.Org Server Extension, version 10.0
[    62.558] (==) Matched vmware as autoconfigured driver 0
[    62.558] (==) Matched modesetting as autoconfigured driver 1
[    62.558] (==) Matched fbdev as autoconfigured driver 2
[    62.558] (==) Matched vesa as autoconfigured driver 3
[    62.558] (==) Assigned the driver to the xf86ConfigLayout
[    62.558] (II) LoadModule: "vmware"
[    62.558] (II) Loading /usr/lib/xorg/modules/drivers/vmware_drv.so
[    62.589] (II) Module vmware: vendor="X.Org Foundation"
[    62.589] 	compiled for 1.20.8, module version = 13.3.0
[    62.589] 	Module class: X.Org Video Driver
[    62.589] 	ABI class: X.Org Video Driver, version 24.1
[    62.589] (II) LoadModule: "modesetting"
[    62.589] (II) Loading /usr/lib/xorg/modules/drivers/modesetting_drv.so
[    62.591] (II) Module modesetting: vendor="X.Org Foundation"
[    62.591] 	compiled for 1.20.9, module version = 1.20.9
[    62.591] 	Module class: X.Org Video Driver
[    62.591] 	ABI class: X.Org Video Driver, version 24.1
[    62.591] (II) LoadModule: "fbdev"
[    62.591] (II) Loading /usr/lib/xorg/modules/drivers/fbdev_drv.so
[    62.591] (II) Module fbdev: vendor="X.Org Foundation"
[    62.591] 	compiled for 1.20.1, module version = 0.5.0
[    62.591] 	Module class: X.Org Video Driver
[    62.591] 	ABI class: X.Org Video Driver, version 24.0
[    62.591] (II) LoadModule: "vesa"
[    62.592] (II) Loading /usr/lib/xorg/modules/drivers/vesa_drv.so
[    62.592] (II) Module vesa: vendor="X.Org Foundation"
[    62.592] 	compiled for 1.20.4, module version = 2.4.0
[    62.592] 	Module class: X.Org Video Driver
[    62.592] 	ABI class: X.Org Video Driver, version 24.0
[    62.592] (II) vmware: driver for VMware SVGA: vmware0405, vmware0710
[    62.592] (II) modesetting: Driver for Modesetting Kernel Drivers: kms
[    62.593] (II) FBDEV: driver for framebuffer: fbdev
[    62.593] (II) VESA: driver for VESA chipsets: vesa
[    62.593] xf86EnableIOPorts: failed to set IOPL for I/O (Operation not permitted)
[    62.593] (WW) Falling back to old probe method for modesetting
[    62.593] (WW) Falling back to old probe method for fbdev
[    62.593] (II) Loading sub module "fbdevhw"
[    62.593] (II) LoadModule: "fbdevhw"
[    62.593] (II) Loading /usr/lib/xorg/modules/libfbdevhw.so
[    62.594] (II) Module fbdevhw: vendor="X.Org Foundation"
[    62.594] 	compiled for 1.20.9, module version = 0.0.2
[    62.594] 	ABI class: X.Org Video Driver, version 24.1
[    62.594] (EE) open /dev/fb0: Permission denied
[    62.594] (WW) VGA arbiter: cannot open kernel arbiter, no multi-card support
[    62.594] (II) vmware(0): Creating default Display subsection in Screen section
	"Default Screen Section" for depth/fbbpp 24/32
[    62.594] (--) vmware(0): DRM driver version is 2.18.0
[    62.594] (==) vmware(0): Depth 24, (--) framebuffer bpp 32
[    62.594] (==) vmware(0): RGB weight 888
[    62.594] (==) vmware(0): Default visual is TrueColor
[    62.594] (--) vmware(0): Min width 1, Max Width 8192.
[    62.594] (--) vmware(0): Min height 1, Max Height 8192.
[    62.594] (II) vmware(0): Output Virtual1 has no monitor section
[    62.594] (II) vmware(0): Output Virtual2 has no monitor section
[    62.594] (II) vmware(0): Output Virtual3 has no monitor section
[    62.594] (II) vmware(0): Output Virtual4 has no monitor section
[    62.594] (II) vmware(0): Output Virtual5 has no monitor section
[    62.594] (II) vmware(0): Output Virtual6 has no monitor section
[    62.594] (II) vmware(0): Output Virtual7 has no monitor section
[    62.594] (II) vmware(0): Output Virtual8 has no monitor section
[    62.594] (II) vmware(0): Printing probed modes for output Virtual1
[    62.594] (II) vmware(0): Modeline "800x600"x60.0   42.75  800 850 900 950  600 650 700 750 -hsync +vsync (45.0 kHz eP)
[    62.594] (II) vmware(0): Modeline "2560x1600"x60.0  348.50  2560 2752 3032 3504  1600 1603 1609 1658 -hsync +vsync (99.5 kHz e)
[    62.594] (II) vmware(0): Modeline "1920x1440"x60.0  234.00  1920 2048 2256 2600  1440 1441 1444 1500 -hsync +vsync (90.0 kHz e)
[    62.594] (II) vmware(0): Modeline "1856x1392"x60.0  218.25  1856 1952 2176 2528  1392 1393 1396 1439 -hsync +vsync (86.3 kHz e)
[    62.594] (II) vmware(0): Modeline "1792x1344"x60.0  204.75  1792 1920 2120 2448  1344 1345 1348 1394 -hsync +vsync (83.6 kHz e)
[    62.594] (II) vmware(0): Modeline "1920x1200"x59.9  193.25  1920 2056 2256 2592  1200 1203 1209 1245 -hsync +vsync (74.6 kHz e)
[    62.594] (II) vmware(0): Modeline "1600x1200"x60.0  162.00  1600 1664 1856 2160  1200 1201 1204 1250 +hsync +vsync (75.0 kHz e)
[    62.594] (II) vmware(0): Modeline "1680x1050"x60.0  146.25  1680 1784 1960 2240  1050 1053 1059 1089 -hsync +vsync (65.3 kHz e)
[    62.594] (II) vmware(0): Modeline "1400x1050"x60.0  121.75  1400 1488 1632 1864  1050 1053 1057 1089 -hsync +vsync (65.3 kHz e)
[    62.594] (II) vmware(0): Modeline "1280x1024"x60.0  108.00  1280 1328 1440 1688  1024 1025 1028 1066 +hsync +vsync (64.0 kHz e)
[    62.594] (II) vmware(0): Modeline "1440x900"x59.9  106.50  1440 1520 1672 1904  900 903 909 934 -hsync +vsync (55.9 kHz e)
[    62.594] (II) vmware(0): Modeline "1280x960"x60.0  108.00  1280 1376 1488 1800  960 961 964 1000 +hsync +vsync (60.0 kHz e)
[    62.594] (II) vmware(0): Modeline "1360x768"x60.0   85.50  1360 1424 1536 1792  768 771 777 795 +hsync +vsync (47.7 kHz e)
[    62.594] (II) vmware(0): Modeline "1280x800"x59.8   83.50  1280 1352 1480 1680  800 803 809 831 +hsync -vsync (49.7 kHz e)
[    62.594] (II) vmware(0): Modeline "1152x864"x75.0  108.00  1152 1216 1344 1600  864 865 868 900 +hsync +vsync (67.5 kHz e)
[    62.594] (II) vmware(0): Modeline "1280x768"x59.9   79.50  1280 1344 1472 1664  768 771 778 798 -hsync +vsync (47.8 kHz e)
[    62.594] (II) vmware(0): Modeline "1024x768"x60.0   65.00  1024 1048 1184 1344  768 771 777 806 -hsync -vsync (48.4 kHz e)
[    62.594] (II) vmware(0): Modeline "800x600"x60.3   40.00  800 840 968 1056  600 601 605 628 +hsync +vsync (37.9 kHz e)
[    62.594] (II) vmware(0): Modeline "640x480"x59.9   25.18  640 656 752 800  480 489 492 525 -hsync -vsync (31.5 kHz e)
[    62.594] (II) vmware(0): EDID for output Virtual2
[    62.594] (II) vmware(0): EDID for output Virtual3
[    62.594] (II) vmware(0): EDID for output Virtual4
[    62.594] (II) vmware(0): EDID for output Virtual5
[    62.594] (II) vmware(0): EDID for output Virtual6
[    62.594] (II) vmware(0): EDID for output Virtual7
[    62.595] (II) vmware(0): EDID for output Virtual8
[    62.595] (II) vmware(0): Output Virtual1 connected
[    62.595] (II) vmware(0): Output Virtual2 disconnected
[    62.595] (II) vmware(0): Output Virtual3 disconnected
[    62.595] (II) vmware(0): Output Virtual4 disconnected
[    62.595] (II) vmware(0): Output Virtual5 disconnected
[    62.595] (II) vmware(0): Output Virtual6 disconnected
[    62.595] (II) vmware(0): Output Virtual7 disconnected
[    62.595] (II) vmware(0): Output Virtual8 disconnected
[    62.595] (II) vmware(0): Using exact sizes for initial modes
[    62.595] (II) vmware(0): Output Virtual1 using initial mode 800x600 +0+0
[    62.595] (==) vmware(0): DPI set to (96, 96)
[    62.595] (==) vmware(0): Using gamma correction (1.0, 1.0, 1.0)
[    62.595] (II) Loading sub module "fb"
[    62.595] (II) LoadModule: "fb"
[    62.595] (II) Loading /usr/lib/xorg/modules/libfb.so
[    62.597] (II) Module fb: vendor="X.Org Foundation"
[    62.597] 	compiled for 1.20.9, module version = 1.0.0
[    62.597] 	ABI class: X.Org ANSI C Emulation, version 0.4
[    62.597] (II) Loading sub module "dri2"
[    62.597] (II) LoadModule: "dri2"
[    62.597] (II) Module "dri2" already built-in
[    62.597] (II) Loading sub module "dri3"
[    62.597] (II) LoadModule: "dri3"
[    62.597] (II) Module "dri3" already built-in
[    62.597] (II) UnloadModule: "modesetting"
[    62.597] (II) Unloading modesetting
[    62.597] (II) UnloadModule: "fbdev"
[    62.597] (II) Unloading fbdev
[    62.597] (II) UnloadSubModule: "fbdevhw"
[    62.597] (II) Unloading fbdevhw
[    62.597] (II) UnloadModule: "vesa"
[    62.597] (II) Unloading vesa
[    62.599] (II) vmware(0): Initialized VMWARE_CTRL extension version 0.2
[    62.606] (WW) vmware(0): Failed to initialize Gallium3D Xa. No render acceleration available.
[    62.606] (WW) vmware(0): Skipped initialization of direct rendering due to lack of render acceleration.
[    62.606] (--) vmware(0): Render acceleration is disabled.
[    62.606] (==) vmware(0): Rendercheck mode is disabled.
[    62.606] (--) vmware(0): Direct rendering (DRI2 3D) is disabled.
[    62.607] (--) vmware(0): Direct rendering (DRI3 3D) is disabled.
[    62.607] (==) vmware(0): Backing store enabled
[    62.607] (==) vmware(0): Silken mouse enabled
[    62.608] (==) vmware(0): DPMS enabled
[    62.608] (II) vmware(0): No 3D acceleration. Not setting up textured video.
[    62.608] (WW) vmware(0): Disabling Xv because no adaptors could be initialized.
[    62.608] (II) Initializing extension Generic Event Extension
[    62.609] (II) Initializing extension SHAPE
[    62.609] (II) Initializing extension MIT-SHM
[    62.610] (II) Initializing extension XInputExtension
[    62.611] (II) Initializing extension XTEST
[    62.611] (II) Initializing extension BIG-REQUESTS
[    62.611] (II) Initializing extension SYNC
[    62.611] (II) Initializing extension XKEYBOARD
[    62.612] (II) Initializing extension XC-MISC
[    62.612] (II) Initializing extension SECURITY
[    62.612] (II) Initializing extension XFIXES
[    62.612] (II) Initializing extension RENDER
[    62.613] (II) Initializing extension RANDR
[    62.613] (II) Initializing extension COMPOSITE
[    62.614] (II) Initializing extension DAMAGE
[    62.614] (II) Initializing extension MIT-SCREEN-SAVER
[    62.614] (II) Initializing extension DOUBLE-BUFFER
[    62.614] (II) Initializing extension RECORD
[    62.615] (II) Initializing extension DPMS
[    62.615] (II) Initializing extension Present
[    62.615] (II) Initializing extension DRI3
[    62.615] (II) Initializing extension X-Resource
[    62.615] (II) Initializing extension XVideo
[    62.616] (II) Initializing extension XVideo-MotionCompensation
[    62.616] (II) Initializing extension SELinux
[    62.616] (II) SELinux: Disabled on system
[    62.616] (II) Initializing extension GLX
[    62.617] (II) AIGLX: Screen 0 is not DRI2 capable
[    62.627] (II) IGLX: Loaded and initialized swrast
[    62.627] (II) GLX: Initialized DRISWRAST GL provider for screen 0
[    62.627] (II) Initializing extension XFree86-VidModeExtension
[    62.627] (II) Initializing extension XFree86-DGA
[    62.628] (II) Initializing extension XFree86-DRI
[    62.628] (II) Initializing extension DRI2
[    62.631] (II) vmware(0): Setting screen physical size to 211 x 158
[    62.688] (II) config/udev: Adding input device Power Button (/dev/input/event0)
[    62.688] (**) Power Button: Applying InputClass "libinput keyboard catchall"
[    62.689] (II) LoadModule: "libinput"
[    62.689] (II) Loading /usr/lib/xorg/modules/input/libinput_drv.so
[    62.692] (II) Module libinput: vendor="X.Org Foundation"
[    62.692] 	compiled for 1.20.4, module version = 0.29.0
[    62.692] 	Module class: X.Org XInput Driver
[    62.692] 	ABI class: X.Org XInput driver, version 24.1
[    62.692] (II) Using input driver 'libinput' for 'Power Button'
[    62.693] (II) systemd-logind: got fd for /dev/input/event0 13:64 fd 20 paused 0
[    62.693] (**) Power Button: always reports core events
[    62.693] (**) Option "Device" "/dev/input/event0"
[    62.694] (**) Option "_source" "server/udev"
[    62.698] (II) event0  - Power Button: is tagged by udev as: Keyboard
[    62.698] (II) event0  - Power Button: device is a keyboard
[    62.698] (II) event0  - Power Button: device removed
[    62.698] (**) Option "config_info" "udev:/sys/devices/LNXSYSTM:00/LNXPWRBN:00/input/input0/event0"
[    62.698] (II) XINPUT: Adding extended input device "Power Button" (type: KEYBOARD, id 6)
[    62.698] (**) Option "xkb_model" "pc105"
[    62.698] (**) Option "xkb_layout" "us"
[    62.700] (II) event0  - Power Button: is tagged by udev as: Keyboard
[    62.700] (II) event0  - Power Button: device is a keyboard
[    62.701] (II) config/udev: Adding input device Sleep Button (/dev/input/event1)
[    62.701] (**) Sleep Button: Applying InputClass "libinput keyboard catchall"
[    62.701] (II) Using input driver 'libinput' for 'Sleep Button'
[    62.702] (II) systemd-logind: got fd for /dev/input/event1 13:65 fd 23 paused 0
[    62.702] (**) Sleep Button: always reports core events
[    62.702] (**) Option "Device" "/dev/input/event1"
[    62.702] (**) Option "_source" "server/udev"
[    62.703] (II) event1  - Sleep Button: is tagged by udev as: Keyboard
[    62.704] (II) event1  - Sleep Button: device is a keyboard
[    62.704] (II) event1  - Sleep Button: device removed
[    62.704] (**) Option "config_info" "udev:/sys/devices/LNXSYSTM:00/LNXSLPBN:00/input/input1/event1"
[    62.704] (II) XINPUT: Adding extended input device "Sleep Button" (type: KEYBOARD, id 7)
[    62.704] (**) Option "xkb_model" "pc105"
[    62.704] (**) Option "xkb_layout" "us"
[    62.705] (II) event1  - Sleep Button: is tagged by udev as: Keyboard
[    62.705] (II) event1  - Sleep Button: device is a keyboard
[    62.706] (II) config/udev: Adding input device Video Bus (/dev/input/event3)
[    62.706] (**) Video Bus: Applying InputClass "libinput keyboard catchall"
[    62.706] (II) Using input driver 'libinput' for 'Video Bus'
[    62.707] (II) systemd-logind: got fd for /dev/input/event3 13:67 fd 24 paused 0
[    62.707] (**) Video Bus: always reports core events
[    62.707] (**) Option "Device" "/dev/input/event3"
[    62.707] (**) Option "_source" "server/udev"
[    62.708] (II) event3  - Video Bus: is tagged by udev as: Keyboard
[    62.708] (II) event3  - Video Bus: device is a keyboard
[    62.708] (II) event3  - Video Bus: device removed
[    62.708] (**) Option "config_info" "udev:/sys/devices/LNXSYSTM:00/LNXSYBUS:00/PNP0A03:00/LNXVIDEO:00/input/input4/event3"
[    62.708] (II) XINPUT: Adding extended input device "Video Bus" (type: KEYBOARD, id 8)
[    62.708] (**) Option "xkb_model" "pc105"
[    62.708] (**) Option "xkb_layout" "us"
[    62.710] (II) event3  - Video Bus: is tagged by udev as: Keyboard
[    62.710] (II) event3  - Video Bus: device is a keyboard
[    62.712] (II) config/udev: Adding input device VirtualBox mouse integration (/dev/input/event6)
[    62.712] (**) VirtualBox mouse integration: Applying InputClass "libinput pointer catchall"
[    62.712] (II) Using input driver 'libinput' for 'VirtualBox mouse integration'
[    62.713] (II) systemd-logind: got fd for /dev/input/event6 13:70 fd 25 paused 0
[    62.713] (**) VirtualBox mouse integration: always reports core events
[    62.713] (**) Option "Device" "/dev/input/event6"
[    62.713] (**) Option "_source" "server/udev"
[    62.715] (II) event6  - VirtualBox mouse integration: is tagged by udev as: Mouse
[    62.715] (II) event6  - VirtualBox mouse integration: device is a pointer
[    62.715] (II) event6  - VirtualBox mouse integration: device removed
[    62.715] (**) Option "config_info" "udev:/sys/devices/pci0000:00/0000:00:04.0/input/input7/event6"
[    62.715] (II) XINPUT: Adding extended input device "VirtualBox mouse integration" (type: MOUSE, id 9)
[    62.716] (**) Option "AccelerationScheme" "none"
[    62.716] (**) VirtualBox mouse integration: (accel) selected scheme none/0
[    62.716] (**) VirtualBox mouse integration: (accel) acceleration factor: 2.000
[    62.716] (**) VirtualBox mouse integration: (accel) acceleration threshold: 4
[    62.717] (II) event6  - VirtualBox mouse integration: is tagged by udev as: Mouse
[    62.718] (II) event6  - VirtualBox mouse integration: device is a pointer
[    62.718] (II) config/udev: Adding input device VirtualBox mouse integration (/dev/input/js1)
[    62.718] (II) No input driver specified, ignoring this device.
[    62.718] (II) This device may have been added with another device file.
[    62.721] (II) config/udev: Adding input device VirtualBox mouse integration (/dev/input/mouse2)
[    62.721] (II) No input driver specified, ignoring this device.
[    62.721] (II) This device may have been added with another device file.
[    62.722] (II) config/udev: Adding input device VirtualBox USB Tablet (/dev/input/event5)
[    62.722] (**) VirtualBox USB Tablet: Applying InputClass "libinput pointer catchall"
[    62.722] (II) Using input driver 'libinput' for 'VirtualBox USB Tablet'
[    62.782] (II) systemd-logind: got fd for /dev/input/event5 13:69 fd 26 paused 0
[    62.782] (**) VirtualBox USB Tablet: always reports core events
[    62.782] (**) Option "Device" "/dev/input/event5"
[    62.782] (**) Option "_source" "server/udev"
[    62.783] (II) event5  - VirtualBox USB Tablet: is tagged by udev as: Mouse
[    62.784] (II) event5  - VirtualBox USB Tablet: device is a pointer
[    62.784] (II) event5  - VirtualBox USB Tablet: device removed
[    62.784] (**) Option "config_info" "udev:/sys/devices/pci0000:00/0000:00:06.0/usb1/1-1/1-1:1.0/0003:80EE:0021.0001/input/input6/event5"
[    62.784] (II) XINPUT: Adding extended input device "VirtualBox USB Tablet" (type: MOUSE, id 10)
[    62.784] (**) Option "AccelerationScheme" "none"
[    62.784] (**) VirtualBox USB Tablet: (accel) selected scheme none/0
[    62.784] (**) VirtualBox USB Tablet: (accel) acceleration factor: 2.000
[    62.784] (**) VirtualBox USB Tablet: (accel) acceleration threshold: 4
[    62.787] (II) event5  - VirtualBox USB Tablet: is tagged by udev as: Mouse
[    62.788] (II) event5  - VirtualBox USB Tablet: device is a pointer
[    62.789] (II) config/udev: Adding input device VirtualBox USB Tablet (/dev/input/js0)
[    62.789] (II) No input driver specified, ignoring this device.
[    62.789] (II) This device may have been added with another device file.
[    62.790] (II) config/udev: Adding input device VirtualBox USB Tablet (/dev/input/mouse1)
[    62.790] (II) No input driver specified, ignoring this device.
[    62.790] (II) This device may have been added with another device file.
[    62.791] (II) config/udev: Adding input device AT Translated Set 2 keyboard (/dev/input/event2)
[    62.791] (**) AT Translated Set 2 keyboard: Applying InputClass "libinput keyboard catchall"
[    62.791] (II) Using input driver 'libinput' for 'AT Translated Set 2 keyboard'
[    62.792] (II) systemd-logind: got fd for /dev/input/event2 13:66 fd 27 paused 0
[    62.792] (**) AT Translated Set 2 keyboard: always reports core events
[    62.792] (**) Option "Device" "/dev/input/event2"
[    62.792] (**) Option "_source" "server/udev"
[    62.793] (II) event2  - AT Translated Set 2 keyboard: is tagged by udev as: Keyboard
[    62.793] (II) event2  - AT Translated Set 2 keyboard: device is a keyboard
[    62.793] (II) event2  - AT Translated Set 2 keyboard: device removed
[    62.794] (**) Option "config_info" "udev:/sys/devices/platform/i8042/serio0/input/input2/event2"
[    62.794] (II) XINPUT: Adding extended input device "AT Translated Set 2 keyboard" (type: KEYBOARD, id 11)
[    62.794] (**) Option "xkb_model" "pc105"
[    62.794] (**) Option "xkb_layout" "us"
[    62.795] (II) event2  - AT Translated Set 2 keyboard: is tagged by udev as: Keyboard
[    62.795] (II) event2  - AT Translated Set 2 keyboard: device is a keyboard
[    62.797] (II) config/udev: Adding input device ImExPS/2 Generic Explorer Mouse (/dev/input/event4)
[    62.797] (**) ImExPS/2 Generic Explorer Mouse: Applying InputClass "libinput pointer catchall"
[    62.797] (II) Using input driver 'libinput' for 'ImExPS/2 Generic Explorer Mouse'
[    62.799] (II) systemd-logind: got fd for /dev/input/event4 13:68 fd 28 paused 0
[    62.799] (**) ImExPS/2 Generic Explorer Mouse: always reports core events
[    62.799] (**) Option "Device" "/dev/input/event4"
[    62.799] (**) Option "_source" "server/udev"
[    62.800] (II) event4  - ImExPS/2 Generic Explorer Mouse: is tagged by udev as: Mouse
[    62.800] (II) event4  - ImExPS/2 Generic Explorer Mouse: device is a pointer
[    62.801] (II) event4  - ImExPS/2 Generic Explorer Mouse: device removed
[    62.801] (**) Option "config_info" "udev:/sys/devices/platform/i8042/serio1/input/input5/event4"
[    62.801] (II) XINPUT: Adding extended input device "ImExPS/2 Generic Explorer Mouse" (type: MOUSE, id 12)
[    62.801] (**) Option "AccelerationScheme" "none"
[    62.801] (**) ImExPS/2 Generic Explorer Mouse: (accel) selected scheme none/0
[    62.801] (**) ImExPS/2 Generic Explorer Mouse: (accel) acceleration factor: 2.000
[    62.801] (**) ImExPS/2 Generic Explorer Mouse: (accel) acceleration threshold: 4
[    62.803] (II) event4  - ImExPS/2 Generic Explorer Mouse: is tagged by udev as: Mouse
[    62.803] (II) event4  - ImExPS/2 Generic Explorer Mouse: device is a pointer
[    62.803] (II) config/udev: Adding input device ImExPS/2 Generic Explorer Mouse (/dev/input/mouse0)
[    62.803] (II) No input driver specified, ignoring this device.
[    62.804] (II) This device may have been added with another device file.
[  3602.049] (II) event4  - ImExPS/2 Generic Explorer Mouse: Enabling spurious button debouncing, see https://wayland.freedesktop.org/libinput/doc/1.15.5/button-debouncing.html for details
[  5619.944] (II) config/udev: removing device VirtualBox USB Tablet
[  5619.945] (**) Option "fd" "26"
[  5619.945] (II) event5  - VirtualBox USB Tablet: device removed
[  5619.962] (II) UnloadModule: "libinput"
[  5619.962] (II) systemd-logind: releasing fd for 13:69
[  5621.482] (II) config/udev: Adding input device VirtualBox USB Tablet (/dev/input/js0)
[  5621.483] (II) No input driver specified, ignoring this device.
[  5621.483] (II) This device may have been added with another device file.
[  5621.486] (II) config/udev: Adding input device VirtualBox USB Tablet (/dev/input/mouse1)
[  5621.486] (II) No input driver specified, ignoring this device.
[  5621.486] (II) This device may have been added with another device file.
[  5621.570] (II) config/udev: Adding input device VirtualBox USB Tablet (/dev/input/event5)
[  5621.570] (**) VirtualBox USB Tablet: Applying InputClass "libinput pointer catchall"
[  5621.570] (II) Using input driver 'libinput' for 'VirtualBox USB Tablet'
[  5621.682] (II) systemd-logind: got fd for /dev/input/event5 13:69 fd 40 paused 0
[  5621.682] (**) VirtualBox USB Tablet: always reports core events
[  5621.682] (**) Option "Device" "/dev/input/event5"
[  5621.682] (**) Option "_source" "server/udev"
[  5621.684] (II) event5  - VirtualBox USB Tablet: is tagged by udev as: Mouse
[  5621.684] (II) event5  - VirtualBox USB Tablet: device is a pointer
[  5621.685] (II) event5  - VirtualBox USB Tablet: device removed
[  5621.685] (**) Option "config_info" "udev:/sys/devices/pci0000:00/0000:00:06.0/usb1/1-1/1-1:1.0/0003:80EE:0021.0002/input/input8/event5"
[  5621.685] (II) XINPUT: Adding extended input device "VirtualBox USB Tablet" (type: MOUSE, id 10)
[  5621.687] (**) Option "AccelerationScheme" "none"
[  5621.689] (**) VirtualBox USB Tablet: (accel) selected scheme none/0
[  5621.689] (**) VirtualBox USB Tablet: (accel) acceleration factor: 2.000
[  5621.689] (**) VirtualBox USB Tablet: (accel) acceleration threshold: 4
[  5621.691] (II) event5  - VirtualBox USB Tablet: is tagged by udev as: Mouse
[  5621.692] (II) event5  - VirtualBox USB Tablet: device is a pointer
[  6098.940] (!!) vmware(0): New layout.
[  6098.940] (!!) vmware(0): 0: 0 0 800 600
[  6098.940] (!!) vmware(0): 
[ 29794.920] (II) config/udev: removing device VirtualBox USB Tablet
[ 29794.925] (**) Option "fd" "40"
[ 29794.925] (II) event5  - VirtualBox USB Tablet: device removed
[ 29794.928] (II) UnloadModule: "libinput"
[ 29794.929] (II) systemd-logind: releasing fd for 13:69
[ 29796.658] (II) config/udev: Adding input device VirtualBox USB Tablet (/dev/input/js0)
[ 29796.658] (II) No input driver specified, ignoring this device.
[ 29796.658] (II) This device may have been added with another device file.
[ 29796.665] (II) config/udev: Adding input device VirtualBox USB Tablet (/dev/input/mouse1)
[ 29796.665] (II) No input driver specified, ignoring this device.
[ 29796.665] (II) This device may have been added with another device file.
[ 29796.716] (II) config/udev: Adding input device VirtualBox USB Tablet (/dev/input/event5)
[ 29796.717] (**) VirtualBox USB Tablet: Applying InputClass "libinput pointer catchall"
[ 29796.717] (II) Using input driver 'libinput' for 'VirtualBox USB Tablet'
[ 29796.784] (II) systemd-logind: got fd for /dev/input/event5 13:69 fd 40 paused 0
[ 29796.784] (**) VirtualBox USB Tablet: always reports core events
[ 29796.784] (**) Option "Device" "/dev/input/event5"
[ 29796.784] (**) Option "_source" "server/udev"
[ 29796.792] (II) event5  - VirtualBox USB Tablet: is tagged by udev as: Mouse
[ 29796.793] (II) event5  - VirtualBox USB Tablet: device is a pointer
[ 29796.796] (II) event5  - VirtualBox USB Tablet: device removed
[ 29796.796] (**) Option "config_info" "udev:/sys/devices/pci0000:00/0000:00:06.0/usb1/1-1/1-1:1.0/0003:80EE:0021.0003/input/input9/event5"
[ 29796.796] (II) XINPUT: Adding extended input device "VirtualBox USB Tablet" (type: MOUSE, id 10)
[ 29796.800] (**) Option "AccelerationScheme" "none"
[ 29796.807] (**) VirtualBox USB Tablet: (accel) selected scheme none/0
[ 29796.807] (**) VirtualBox USB Tablet: (accel) acceleration factor: 2.000
[ 29796.807] (**) VirtualBox USB Tablet: (accel) acceleration threshold: 4
[ 29796.815] (II) event5  - VirtualBox USB Tablet: is tagged by udev as: Mouse
[ 29796.818] (II) event5  - VirtualBox USB Tablet: device is a pointer
[ 38412.946] (II) config/udev: removing device VirtualBox USB Tablet
[ 38412.946] (**) Option "fd" "40"
[ 38412.947] (II) event5  - VirtualBox USB Tablet: device removed
[ 38412.957] (II) UnloadModule: "libinput"
[ 38412.957] (II) systemd-logind: releasing fd for 13:69
[ 38414.388] (II) config/udev: Adding input device VirtualBox USB Tablet (/dev/input/js0)
[ 38414.389] (II) No input driver specified, ignoring this device.
[ 38414.389] (II) This device may have been added with another device file.
[ 38414.393] (II) config/udev: Adding input device VirtualBox USB Tablet (/dev/input/mouse1)
[ 38414.393] (II) No input driver specified, ignoring this device.
[ 38414.393] (II) This device may have been added with another device file.
[ 38414.475] (II) config/udev: Adding input device VirtualBox USB Tablet (/dev/input/event5)
[ 38414.475] (**) VirtualBox USB Tablet: Applying InputClass "libinput pointer catchall"
[ 38414.475] (II) Using input driver 'libinput' for 'VirtualBox USB Tablet'
[ 38414.542] (II) systemd-logind: got fd for /dev/input/event5 13:69 fd 47 paused 0
[ 38414.542] (**) VirtualBox USB Tablet: always reports core events
[ 38414.542] (**) Option "Device" "/dev/input/event5"
[ 38414.542] (**) Option "_source" "server/udev"
[ 38414.544] (II) event5  - VirtualBox USB Tablet: is tagged by udev as: Mouse
[ 38414.544] (II) event5  - VirtualBox USB Tablet: device is a pointer
[ 38414.544] (II) event5  - VirtualBox USB Tablet: device removed
[ 38414.544] (**) Option "config_info" "udev:/sys/devices/pci0000:00/0000:00:06.0/usb1/1-1/1-1:1.0/0003:80EE:0021.0004/input/input10/event5"
[ 38414.544] (II) XINPUT: Adding extended input device "VirtualBox USB Tablet" (type: MOUSE, id 10)
[ 38414.546] (**) Option "AccelerationScheme" "none"
[ 38414.547] (**) VirtualBox USB Tablet: (accel) selected scheme none/0
[ 38414.547] (**) VirtualBox USB Tablet: (accel) acceleration factor: 2.000
[ 38414.547] (**) VirtualBox USB Tablet: (accel) acceleration threshold: 4
[ 38414.549] (II) event5  - VirtualBox USB Tablet: is tagged by udev as: Mouse
[ 38414.550] (II) event5  - VirtualBox USB Tablet: device is a pointer
